Start testing: Jun 08 08:33 UTC
----------------------------------------------------------
1/1 Testing: print_ip_test
1/1 Test: print_ip_test
Command: "/home/travis/build/cezarnik/print_ip/tst/print_ip_test"
Directory: /home/travis/build/cezarnik/print_ip/tst
"print_ip_test" start time: Jun 08 08:33 UTC
Output:
----------------------------------------------------------
Running 6 test cases...

*** No errors detected
<end of output>
Test time =   0.00 sec
----------------------------------------------------------
Test Passed.
"print_ip_test" end time: Jun 08 08:33 UTC
"print_ip_test" time elapsed: 00:00:00
----------------------------------------------------------

End testing: Jun 08 08:33 UTC
